<?xml version="1.0" encoding="UTF-8" ?>
<testsuite tests="4" failures="0" name="com.kamlax.api.service.StudentServiceImplTest" time="0.142" errors="0" skipped="0">
  <properties>
[...]
</properties>
  <testcase classname="com.kamlax.api.service.StudentServiceImplTest" name="testSaveStudent" time="0.14"/>
  <testcase classname="com.kamlax.api.service.StudentServiceImplTest" name="testUpdateStudent" time="0"/>
  <testcase classname="com.kamlax.api.service.StudentServiceImplTest" name="testDeleteStudent" time="0.001"/>
  <testcase classname="com.kamlax.api.service.StudentServiceImplTest" name="testGetStudentList" time="0.001"/>
</testsuite>